<?xml version="1.0" encoding="UTF-8"?>
<!-- Generated by org.testng.reporters.JUnitReportReporter -->
<testsuite hostname="Lakhin" failures="0" tests="2" name="Test.post" time="5.498" errors="0" timestamp="2024-10-27T21:33:35 IST" skipped="0">
  <testcase classname="Test.post" name="Update" time="1.893"/>
  <testcase classname="Test.post" name="Delete" time="3.605"/>
</testsuite> <!-- Test.post -->
