<?xml version="1.0" encoding="UTF-8"?>
<!-- Generated by org.testng.reporters.JUnitReportReporter -->
<testsuite hostname="Lakhin" failures="0" tests="1" name="Test.GetReq" time="1.396" errors="0" timestamp="2024-10-27T21:33:35 IST" skipped="0">
  <testcase classname="Test.GetReq" name="get" time="1.396"/>
</testsuite> <!-- Test.GetReq -->
