<?xml version="1.0" encoding="UTF-8"?>
<!-- Generated by org.testng.reporters.JUnitReportReporter -->
<testsuite hostname="Lakhin" failures="0" tests="1" name="Test.GetReq" time="4.337" errors="0" timestamp="2024-10-26T23:18:16 IST" skipped="0">
  <testcase classname="Test.GetReq" name="get" time="4.337"/>
</testsuite> <!-- Test.GetReq -->
