<?xml version="1.0" encoding="UTF-8"?>
<!-- Generated by org.testng.reporters.JUnitReportReporter -->
<testsuite hostname="Lakhin" failures="0" tests="2" name="Test.post" time="1.756" errors="0" timestamp="2024-10-26T20:36:41 IST" skipped="1">
  <testcase classname="Test.post" name="addPlace" time="1.756"/>
  <testcase classname="Test.post" name="get">
    <skipped/>
  </testcase> <!-- get -->
</testsuite> <!-- Test.post -->
