<?xml version="1.0" encoding="UTF-8"?>
<!-- Generated by org.testng.reporters.JUnitReportReporter -->
<testsuite hostname="Lakhin" failures="0" tests="1" name="SelTest.homePage" time="146.034" errors="0" timestamp="2024-11-21T20:03:52 IST" skipped="0">
  <testcase classname="SelTest.homePage" name="GetWelcomeTitle" time="146.034"/>
  <system-out/>
</testsuite> <!-- SelTest.homePage -->
