<?xml version="1.0" encoding="UTF-8"?>
<!-- Generated by org.testng.reporters.JUnitReportReporter -->
<testsuite hostname="Lakhin" failures="0" tests="1" name="Base.Base" time="2.833" errors="0" timestamp="2024-10-24T22:36:12 IST" skipped="0">
  <testcase classname="Base.Base" name="apiCheck" time="2.833"/>
</testsuite> <!-- Base.Base -->
