<?xml version="1.0" encoding="UTF-8"?>
<!-- Generated by org.testng.reporters.JUnitReportReporter -->
<testsuite hostname="Lakhin" failures="0" tests="1" name="Test.post" time="1.643" errors="0" timestamp="2024-10-26T23:16:43 IST" skipped="0">
  <testcase classname="Test.post" name="get" time="1.643"/>
</testsuite> <!-- Test.post -->
