<?xml version="1.0" encoding="UTF-8"?>
<!-- Generated by org.testng.reporters.JUnitReportReporter -->
<testsuite hostname="Lakhin" failures="0" tests="1" name="Test.GetReq" time="2.197" errors="0" timestamp="2024-11-19T20:58:00 IST" skipped="0">
  <testcase classname="Test.GetReq" name="get" time="2.197"/>
</testsuite> <!-- Test.GetReq -->
