<?xml version="1.0" encoding="UTF-8"?>
<!-- Generated by org.testng.reporters.JUnitReportReporter -->
<testsuite hostname="Lakhin" failures="0" tests="2" name="Test.post" time="8.880" errors="0" timestamp="2024-11-19T20:58:00 IST" skipped="0">
  <testcase classname="Test.post" name="Update" time="3.059"/>
  <testcase classname="Test.post" name="Delete" time="5.821"/>
</testsuite> <!-- Test.post -->
